[Sat Dec 16 11:41:13.814873 2023] [mpm_winnt:notice] [pid 12196:tid 188] AH00455: Apache/2.4.58 (Win64) PHP/8.3.0 configured -- resuming normal operations
[Sat Dec 16 11:41:13.814873 2023] [mpm_winnt:notice] [pid 12196:tid 188] AH00456: Apache Lounge VS17 Server built: Oct 18 2023 13:03:18
[Sat Dec 16 11:41:13.814873 2023] [core:notice] [pid 12196:tid 188] AH00094: Command line: 'C:\\Programs\\Apache24\\bin\\httpd.exe -d C:/Programs/Apache24'
[Sat Dec 16 11:41:13.818864 2023] [mpm_winnt:notice] [pid 12196:tid 188] AH00418: Parent: Created child process 12152
[Sat Dec 16 11:41:14.390227 2023] [mpm_winnt:notice] [pid 12152:tid 348] AH00354: Child: Starting 64 worker threads.
[Sat Dec 16 11:50:51.783466 2023] [php:error] [pid 12152:tid 1160] [client ::1:62601] script 'C:/Programs/localhost/script.php' not found or unable to stat, referer: http://localhost/
[Sat Dec 16 11:53:20.612440 2023] [php:error] [pid 12152:tid 1160] [client ::1:62663] script 'C:/Programs/localhost/script.php' not found or unable to stat, referer: http://localhost/
[Sat Dec 16 11:53:45.493716 2023] [php:error] [pid 12152:tid 1132] [client ::1:62679] script 'C:/Programs/localhost/script.php' not found or unable to stat, referer: http://localhost/
[Sat Dec 16 11:55:16.838454 2023] [php:error] [pid 12152:tid 1148] [client ::1:62730] script 'C:/Programs/localhost/script.php' not found or unable to stat, referer: http://localhost/
[Sat Dec 16 11:56:35.816411 2023] [php:error] [pid 12152:tid 1148] [client ::1:62771] script 'C:/Programs/localhost/script.php' not found or unable to stat, referer: http://localhost/
[Sat Dec 16 11:58:14.842450 2023] [php:error] [pid 12152:tid 1132] [client ::1:62816] script 'C:/Programs/localhost/script.php' not found or unable to stat, referer: http://localhost/
[Sat Dec 16 12:03:27.425467 2023] [php:error] [pid 12152:tid 1132] [client ::1:63017] script 'C:/Programs/localhost/script.php' not found or unable to stat, referer: http://localhost/
[Sat Dec 16 13:14:13.550504 2023] [mpm_winnt:notice] [pid 14740:tid 348] AH00455: Apache/2.4.58 (Win64) PHP/8.3.0 configured -- resuming normal operations
[Sat Dec 16 13:14:13.550504 2023] [mpm_winnt:notice] [pid 14740:tid 348] AH00456: Apache Lounge VS17 Server built: Oct 18 2023 13:03:18
[Sat Dec 16 13:14:13.550504 2023] [core:notice] [pid 14740:tid 348] AH00094: Command line: 'C:\\Programs\\Apache24\\bin\\httpd.exe -d C:/Programs/Apache24'
[Sat Dec 16 13:14:13.550504 2023] [mpm_winnt:notice] [pid 14740:tid 348] AH00418: Parent: Created child process 9060
Apache server shutdown initiated...
pm_winnt:notice] [pid 9060:tid 364] AH00354: Child: Starting 64 worker threads.
[Sat Dec 16 23:11:24.117069 2023] [php:warn] [pid 9060:tid 1160] [client ::1:59399] PHP Warning:  file_put_contents(data.txt): Failed to open stream: Permission denied in C:\\Programs\\localhost\\scripts\\script.php on line 4, referer: http://localhost/
[Sat Dec 16 23:50:44.660000 2023] [mpm_winnt:notice] [pid 14740:tid 348] AH00422: Parent: Received shutdown signal -- Shutting down the server.
[Sat Dec 16 23:50:46.690772 2023] [mpm_winnt:notice] [pid 9060:tid 364] AH00364: Child: All worker threads have exited.
[Sat Dec 16 23:50:46.753258 2023] [mpm_winnt:notice] [pid 14740:tid 348] AH00430: Parent: Child process 9060 exited successfully.
[Sun Dec 17 11:15:34.310282 2023] [mpm_winnt:notice] [pid 6512:tid 336] AH00455: Apache/2.4.58 (Win64) PHP/8.3.0 configured -- resuming normal operations
[Sun Dec 17 11:15:34.310282 2023] [mpm_winnt:notice] [pid 6512:tid 336] AH00456: Apache Lounge VS17 Server built: Oct 18 2023 13:03:18
[Sun Dec 17 11:15:34.310282 2023] [core:notice] [pid 6512:tid 336] AH00094: Command line: 'C:\\Programs\\Apache24\\bin\\httpd.exe -d C:/Programs/Apache24'
[Sun Dec 17 11:15:34.310282 2023] [mpm_winnt:notice] [pid 6512:tid 336] AH00418: Parent: Created child process 4252
Apache server shutdown initiated...
pm_winnt:notice] [pid 4252:tid 332] AH00354: Child: Starting 64 worker threads.
[Sun Dec 17 11:29:46.675959 2023] [mpm_winnt:notice] [pid 6512:tid 336] AH00422: Parent: Received shutdown signal -- Shutting down the server.
[Sun Dec 17 11:29:51.305186 2023] [mpm_winnt:notice] [pid 4252:tid 332] AH00364: Child: All worker threads have exited.
[Sun Dec 17 11:29:51.327977 2023] [mpm_winnt:notice] [pid 6512:tid 336] AH00430: Parent: Child process 4252 exited successfully.
